[13:02:08] [INFO    ] [__main__] Launching OES ID Card PDF to Req Doc Extractor.
[13:02:08] [INFO    ] [gui.main_window] Application started.
[13:02:14] [INFO    ] [gui.main_window] Added 1 file(s) via file dialog.
[13:02:15] [WARNING ] [vision.yolo_model] YOLO model not found at 'models\yolo.pt'. Photo detection will fall back to the contour-based heuristic until a trained yolo.pt is placed in the models folder.
[13:02:18] [INFO    ] [core.remover] Loading background removal model...
[13:02:19] [INFO    ] [core.remover] Background removal model loaded.
[13:02:19] [WARNING ] [ocr.tesseract] Tesseract binary not found on PATH. Set 'tesseract_cmd' in settings.json to point at tesseract.exe for fully offline OCR.
[13:02:19] [INFO    ] [utils.threads] Background processing thread started (1 document(s)).
[13:02:19] [INFO    ] [gui.main_window] Started processing 1 document(s).
[13:02:19] [INFO    ] [core.processor] Starting processing of 1 document(s).
[13:02:19] [INFO    ] [core.processor] Processing (1/1): COLLINS OGUNYEMI.pdf
[13:02:19] [INFO    ] [core.analyzer] Analyzing COLLINS OGUNYEMI.pdf
[13:02:19] [INFO    ] [core.analyzer] PDF (COLLINS OGUNYEMI.pdf) | pages=1 | scanned=True
[13:02:19] [INFO    ] [core.pipeline] Running processing pipeline for 'COLLINS OGUNYEMI.pdf'.
[13:02:19] [INFO    ] [core.detector] Detecting objects in 'COLLINS OGUNYEMI.pdf'.
[13:02:19] [INFO    ] [pdf.reader] Opened PDF 'COLLINS OGUNYEMI.pdf' (1 page(s)).
[13:02:19] [INFO    ] [pdf.renderer] Rendered 1 page(s) from 'COLLINS OGUNYEMI.pdf'.
[13:02:19] [INFO    ] [pdf.reader] Closed PDF document.
[13:02:19] [INFO    ] [vision.photo_detector] Detecting personnel photo.
[13:02:19] [WARNING ] [vision.photo_detector] No YOLO photo detection available; trying contour-based fallback.
[13:02:19] [INFO    ] [vision.photo_detector] Personnel photo detected via contour fallback.
[13:02:19] [INFO    ] [vision.signature_detector] Detecting signature.
[13:02:20] [INFO    ] [vision.signature_detector] Signature detected at (1160, 1310, 260, 126).
[13:02:20] [INFO    ] [core.detector] Detection complete for 'COLLINS OGUNYEMI.pdf'.
[13:02:20] [INFO    ] [core.cropper] Cropping 'COLLINS OGUNYEMI.pdf'.
[13:02:20] [INFO    ] [core.remover] Removing backgrounds from 'COLLINS OGUNYEMI.pdf'.
[13:02:22] [INFO    ] [core.enhancer] Enhancing 'COLLINS OGUNYEMI.pdf'.
[13:02:25] [INFO    ] [core.namer] Extracting personnel name from 'COLLINS OGUNYEMI.pdf'.
[13:02:25] [ERROR   ] [ocr.tesseract] Tesseract is not installed or not on PATH. OCR cannot run.
[13:02:25] [WARNING ] [core.namer] OCR could not determine a name. Using filename 'COLLINS OGUNYEMI'.
[13:02:25] [INFO    ] [core.namer] Final filename: COLLINS OGUNYEMI
[13:02:25] [INFO    ] [core.exporter] Exporting 'COLLINS OGUNYEMI.pdf'.
[13:02:25] [INFO    ] [core.exporter] Saved COLLINS OGUNYEMI_3.png
[13:02:25] [INFO    ] [core.exporter] Saved COLLINS OGUNYEMI_3.png
[13:02:25] [INFO    ] [core.pipeline] Finished processing 'COLLINS OGUNYEMI.pdf'.
[13:02:25] [INFO    ] [core.processor] Processing completed.
[13:02:25] [INFO    ] [utils.threads] Background processing thread finished.
[13:02:25] [INFO    ] [gui.main_window] Batch processing finished.
[13:05:51] [INFO    ] [app] Application closing.
