[07:54:52] [ERROR   ] [__main__] Fatal error during application startup.
Traceback (most recent call last):
  File "C:\Users\onyed\Kachi\Python Projects\OES ID Extractor\main.py", line 68, in main
    from app import App
  File "C:\Users\onyed\Kachi\Python Projects\OES ID Extractor\app.py", line 31, in <module>
    from gui.main_window import MainWindow
  File "C:\Users\onyed\Kachi\Python Projects\OES ID Extractor\gui\main_window.py", line 35, in <module>
    from core.processor import Processor
  File "C:\Users\onyed\Kachi\Python Projects\OES ID Extractor\core\processor.py", line 25, in <module>
    from core.analyzer import DocumentAnalyzer
  File "C:\Users\onyed\Kachi\Python Projects\OES ID Extractor\core\analyzer.py", line 30, in <module>
    import fitz
  File "C:\Users\onyed\Kachi\Python Projects\OES ID Extractor\.venv\lib\site-packages\fitz\__init__.py", line 1, in <module>
    from frontend import *
ModuleNotFoundError: No module named 'frontend'
[08:00:48] [INFO    ] [__main__] Launching OES ID Card PDF to Req Doc Extractor.
[08:00:49] [INFO    ] [gui.main_window] Application started.
[08:01:29] [INFO    ] [gui.main_window] Added 1 file(s) via file dialog.
[08:01:34] [WARNING ] [vision.yolo_model] YOLO model not found at 'models\yolo.pt'. Photo detection will fall back to the contour-based heuristic until a trained yolo.pt is placed in the models folder.
[08:01:34] [WARNING ] [core.remover] Background removal model not found at 'models\u2net.onnx'. Background removal will be SKIPPED (cropped images will be exported as-is) until 'u2net.onnx' is placed in the models folder. See README for the download link.
[08:01:34] [WARNING ] [ocr.tesseract] Tesseract binary not found on PATH. Set 'tesseract_cmd' in settings.json to point at tesseract.exe for fully offline OCR.
[08:01:34] [INFO    ] [utils.threads] Background processing thread started (1 document(s)).
[08:01:34] [INFO    ] [gui.main_window] Started processing 1 document(s).
[08:01:34] [INFO    ] [core.processor] Starting processing of 1 document(s).
[08:01:34] [INFO    ] [core.processor] Processing (1/1): COLLINS OGUNYEMI.pdf
[08:01:34] [INFO    ] [core.analyzer] Analyzing COLLINS OGUNYEMI.pdf
[08:01:34] [INFO    ] [core.analyzer] PDF (COLLINS OGUNYEMI.pdf) | pages=1 | scanned=True
[08:01:34] [INFO    ] [core.pipeline] Running processing pipeline for 'COLLINS OGUNYEMI.pdf'.
[08:01:34] [INFO    ] [core.detector] Detecting objects in 'COLLINS OGUNYEMI.pdf'.
[08:01:34] [INFO    ] [pdf.reader] Opened PDF 'COLLINS OGUNYEMI.pdf' (1 page(s)).
[08:01:34] [INFO    ] [pdf.renderer] Rendered 1 page(s) from 'COLLINS OGUNYEMI.pdf'.
[08:01:34] [INFO    ] [pdf.reader] Closed PDF document.
[08:01:34] [INFO    ] [vision.photo_detector] Detecting personnel photo.
[08:01:34] [WARNING ] [vision.photo_detector] No YOLO photo detection available; trying contour-based fallback.
[08:01:34] [WARNING ] [vision.photo_detector] No personnel photo detected.
[08:01:34] [INFO    ] [vision.signature_detector] Detecting signature.
[08:01:34] [INFO    ] [vision.signature_detector] Signature detected at (719, 932, 445, 114).
[08:01:34] [INFO    ] [core.detector] Detection complete for 'COLLINS OGUNYEMI.pdf'.
[08:01:34] [INFO    ] [core.cropper] Cropping 'COLLINS OGUNYEMI.pdf'.
[08:01:34] [WARNING ] [core.cropper] No personnel photo detected.
[08:01:34] [INFO    ] [core.remover] Removing backgrounds from 'COLLINS OGUNYEMI.pdf'.
[08:01:34] [WARNING ] [core.remover] No photo available for background removal.
[08:01:34] [INFO    ] [core.enhancer] Enhancing 'COLLINS OGUNYEMI.pdf'.
[08:01:34] [INFO    ] [core.namer] Extracting personnel name from 'COLLINS OGUNYEMI.pdf'.
[08:01:34] [ERROR   ] [ocr.tesseract] Tesseract is not installed or not on PATH. OCR cannot run.
[08:01:34] [WARNING ] [core.namer] OCR could not determine a name. Using filename 'COLLINS OGUNYEMI'.
[08:01:34] [INFO    ] [core.namer] Final filename: COLLINS OGUNYEMI
[08:01:34] [INFO    ] [core.exporter] Exporting 'COLLINS OGUNYEMI.pdf'.
[08:01:34] [WARNING ] [core.exporter] No personnel photo to export.
[08:01:34] [INFO    ] [core.exporter] Saved COLLINS OGUNYEMI.png
[08:01:34] [INFO    ] [core.pipeline] Finished processing 'COLLINS OGUNYEMI.pdf'.
[08:01:34] [INFO    ] [core.processor] Processing completed.
[08:01:34] [INFO    ] [utils.threads] Background processing thread finished.
[08:01:34] [INFO    ] [gui.main_window] Batch processing finished.
[08:02:33] [INFO    ] [gui.main_window] Cleared input file list.
[08:02:49] [INFO    ] [gui.main_window] Added 1 file(s) via file dialog.
[08:02:50] [WARNING ] [ocr.tesseract] Tesseract binary not found on PATH. Set 'tesseract_cmd' in settings.json to point at tesseract.exe for fully offline OCR.
[08:02:50] [INFO    ] [utils.threads] Background processing thread started (1 document(s)).
[08:02:50] [INFO    ] [gui.main_window] Started processing 1 document(s).
[08:02:50] [INFO    ] [core.processor] Starting processing of 1 document(s).
[08:02:50] [INFO    ] [core.processor] Processing (1/1): COLLINS OGUNYEMI.pdf
[08:02:50] [INFO    ] [core.analyzer] Analyzing COLLINS OGUNYEMI.pdf
[08:02:50] [INFO    ] [core.analyzer] PDF (COLLINS OGUNYEMI.pdf) | pages=1 | scanned=True
[08:02:50] [INFO    ] [core.pipeline] Running processing pipeline for 'COLLINS OGUNYEMI.pdf'.
[08:02:50] [INFO    ] [core.detector] Detecting objects in 'COLLINS OGUNYEMI.pdf'.
[08:02:50] [INFO    ] [pdf.reader] Opened PDF 'COLLINS OGUNYEMI.pdf' (1 page(s)).
[08:02:50] [INFO    ] [pdf.renderer] Rendered 1 page(s) from 'COLLINS OGUNYEMI.pdf'.
[08:02:50] [INFO    ] [pdf.reader] Closed PDF document.
[08:02:50] [INFO    ] [vision.photo_detector] Detecting personnel photo.
[08:02:50] [WARNING ] [vision.photo_detector] No YOLO photo detection available; trying contour-based fallback.
[08:02:50] [WARNING ] [vision.photo_detector] No personnel photo detected.
[08:02:50] [INFO    ] [vision.signature_detector] Detecting signature.
[08:02:51] [INFO    ] [vision.signature_detector] Signature detected at (719, 932, 445, 114).
[08:02:51] [INFO    ] [core.detector] Detection complete for 'COLLINS OGUNYEMI.pdf'.
[08:02:51] [INFO    ] [core.cropper] Cropping 'COLLINS OGUNYEMI.pdf'.
[08:02:51] [WARNING ] [core.cropper] No personnel photo detected.
[08:02:51] [INFO    ] [core.remover] Removing backgrounds from 'COLLINS OGUNYEMI.pdf'.
[08:02:51] [WARNING ] [core.remover] No photo available for background removal.
[08:02:51] [INFO    ] [core.enhancer] Enhancing 'COLLINS OGUNYEMI.pdf'.
[08:02:51] [INFO    ] [core.namer] Extracting personnel name from 'COLLINS OGUNYEMI.pdf'.
[08:02:51] [ERROR   ] [ocr.tesseract] Tesseract is not installed or not on PATH. OCR cannot run.
[08:02:51] [WARNING ] [core.namer] OCR could not determine a name. Using filename 'COLLINS OGUNYEMI'.
[08:02:51] [INFO    ] [core.namer] Final filename: COLLINS OGUNYEMI
[08:02:51] [INFO    ] [core.exporter] Exporting 'COLLINS OGUNYEMI.pdf'.
[08:02:51] [WARNING ] [core.exporter] No personnel photo to export.
[08:02:51] [INFO    ] [core.exporter] Saved COLLINS OGUNYEMI_2.png
[08:02:51] [INFO    ] [core.pipeline] Finished processing 'COLLINS OGUNYEMI.pdf'.
[08:02:51] [INFO    ] [core.processor] Processing completed.
[08:02:51] [INFO    ] [utils.threads] Background processing thread finished.
[08:02:51] [INFO    ] [gui.main_window] Batch processing finished.
[08:03:19] [INFO    ] [app] Application closing.
[08:04:39] [INFO    ] [__main__] Launching OES ID Card PDF to Req Doc Extractor.
[08:04:39] [INFO    ] [gui.main_window] Application started.
[08:04:46] [INFO    ] [gui.main_window] Added 1 file(s) via file dialog.
[08:04:47] [WARNING ] [vision.yolo_model] YOLO model not found at 'models\yolo.pt'. Photo detection will fall back to the contour-based heuristic until a trained yolo.pt is placed in the models folder.
[08:04:47] [WARNING ] [core.remover] Background removal model not found at 'models\u2net.onnx'. Background removal will be SKIPPED (cropped images will be exported as-is) until 'u2net.onnx' is placed in the models folder. See README for the download link.
[08:04:47] [WARNING ] [ocr.tesseract] Tesseract binary not found on PATH. Set 'tesseract_cmd' in settings.json to point at tesseract.exe for fully offline OCR.
[08:04:47] [INFO    ] [utils.threads] Background processing thread started (1 document(s)).
[08:04:47] [INFO    ] [gui.main_window] Started processing 1 document(s).
[08:04:47] [INFO    ] [core.processor] Starting processing of 1 document(s).
[08:04:47] [INFO    ] [core.processor] Processing (1/1): COLLINS OGUNYEMI.pdf
[08:04:47] [INFO    ] [core.analyzer] Analyzing COLLINS OGUNYEMI.pdf
[08:04:47] [INFO    ] [core.analyzer] PDF (COLLINS OGUNYEMI.pdf) | pages=1 | scanned=True
[08:04:47] [INFO    ] [core.pipeline] Running processing pipeline for 'COLLINS OGUNYEMI.pdf'.
[08:04:47] [INFO    ] [core.detector] Detecting objects in 'COLLINS OGUNYEMI.pdf'.
[08:04:47] [INFO    ] [pdf.reader] Opened PDF 'COLLINS OGUNYEMI.pdf' (1 page(s)).
[08:04:47] [INFO    ] [pdf.renderer] Rendered 1 page(s) from 'COLLINS OGUNYEMI.pdf'.
[08:04:47] [INFO    ] [pdf.reader] Closed PDF document.
[08:04:47] [INFO    ] [vision.photo_detector] Detecting personnel photo.
[08:04:47] [WARNING ] [vision.photo_detector] No YOLO photo detection available; trying contour-based fallback.
[08:04:47] [WARNING ] [vision.photo_detector] No personnel photo detected.
[08:04:47] [INFO    ] [vision.signature_detector] Detecting signature.
[08:04:47] [INFO    ] [vision.signature_detector] Signature detected at (719, 932, 445, 114).
[08:04:47] [INFO    ] [core.detector] Detection complete for 'COLLINS OGUNYEMI.pdf'.
[08:04:47] [INFO    ] [core.cropper] Cropping 'COLLINS OGUNYEMI.pdf'.
[08:04:47] [WARNING ] [core.cropper] No personnel photo detected.
[08:04:47] [INFO    ] [core.remover] Removing backgrounds from 'COLLINS OGUNYEMI.pdf'.
[08:04:47] [WARNING ] [core.remover] No photo available for background removal.
[08:04:47] [INFO    ] [core.enhancer] Enhancing 'COLLINS OGUNYEMI.pdf'.
[08:04:48] [INFO    ] [core.namer] Extracting personnel name from 'COLLINS OGUNYEMI.pdf'.
[08:04:48] [ERROR   ] [ocr.tesseract] Tesseract is not installed or not on PATH. OCR cannot run.
[08:04:48] [WARNING ] [core.namer] OCR could not determine a name. Using filename 'COLLINS OGUNYEMI'.
[08:04:48] [INFO    ] [core.namer] Final filename: COLLINS OGUNYEMI
[08:04:48] [INFO    ] [core.exporter] Exporting 'COLLINS OGUNYEMI.pdf'.
[08:04:48] [WARNING ] [core.exporter] No personnel photo to export.
[08:04:48] [INFO    ] [core.exporter] Saved COLLINS OGUNYEMI.png
[08:04:48] [INFO    ] [core.pipeline] Finished processing 'COLLINS OGUNYEMI.pdf'.
[08:04:48] [INFO    ] [core.processor] Processing completed.
[08:04:48] [INFO    ] [utils.threads] Background processing thread finished.
[08:04:48] [INFO    ] [gui.main_window] Batch processing finished.
[08:04:55] [INFO    ] [app] Application closing.
[08:58:06] [INFO    ] [__main__] Launching OES ID Card PDF to Req Doc Extractor.
[08:58:07] [INFO    ] [gui.main_window] Application started.
[08:59:52] [INFO    ] [gui.main_window] Added 1 file(s) via file dialog.
[08:59:53] [WARNING ] [vision.yolo_model] YOLO model not found at 'models\yolo.pt'. Photo detection will fall back to the contour-based heuristic until a trained yolo.pt is placed in the models folder.
[08:59:53] [WARNING ] [core.remover] Background removal model not found at 'models\u2net.onnx'. Background removal will be SKIPPED (cropped images will be exported as-is) until 'u2net.onnx' is placed in the models folder. See README for the download link.
[08:59:53] [WARNING ] [ocr.tesseract] Tesseract binary not found on PATH. Set 'tesseract_cmd' in settings.json to point at tesseract.exe for fully offline OCR.
[08:59:53] [INFO    ] [utils.threads] Background processing thread started (1 document(s)).
[08:59:53] [INFO    ] [gui.main_window] Started processing 1 document(s).
[08:59:53] [INFO    ] [core.processor] Starting processing of 1 document(s).
[08:59:53] [INFO    ] [core.processor] Processing (1/1): COLLINS OGUNYEMI.pdf
[08:59:53] [INFO    ] [core.analyzer] Analyzing COLLINS OGUNYEMI.pdf
[08:59:53] [INFO    ] [core.analyzer] PDF (COLLINS OGUNYEMI.pdf) | pages=1 | scanned=True
[08:59:53] [INFO    ] [core.pipeline] Running processing pipeline for 'COLLINS OGUNYEMI.pdf'.
[08:59:53] [INFO    ] [core.detector] Detecting objects in 'COLLINS OGUNYEMI.pdf'.
[08:59:53] [INFO    ] [pdf.reader] Opened PDF 'COLLINS OGUNYEMI.pdf' (1 page(s)).
[08:59:53] [INFO    ] [pdf.renderer] Rendered 1 page(s) from 'COLLINS OGUNYEMI.pdf'.
[08:59:53] [INFO    ] [pdf.reader] Closed PDF document.
[08:59:53] [INFO    ] [vision.photo_detector] Detecting personnel photo.
[08:59:53] [WARNING ] [vision.photo_detector] No YOLO photo detection available; trying contour-based fallback.
[08:59:53] [WARNING ] [vision.photo_detector] No personnel photo detected.
[08:59:53] [INFO    ] [vision.signature_detector] Detecting signature.
[08:59:53] [INFO    ] [vision.signature_detector] Signature detected at (719, 932, 445, 114).
[08:59:53] [INFO    ] [core.detector] Detection complete for 'COLLINS OGUNYEMI.pdf'.
[08:59:53] [INFO    ] [core.cropper] Cropping 'COLLINS OGUNYEMI.pdf'.
[08:59:53] [WARNING ] [core.cropper] No personnel photo detected.
[08:59:53] [INFO    ] [core.remover] Removing backgrounds from 'COLLINS OGUNYEMI.pdf'.
[08:59:53] [WARNING ] [core.remover] No photo available for background removal.
[08:59:53] [INFO    ] [core.enhancer] Enhancing 'COLLINS OGUNYEMI.pdf'.
[08:59:53] [INFO    ] [core.namer] Extracting personnel name from 'COLLINS OGUNYEMI.pdf'.
[08:59:54] [ERROR   ] [ocr.tesseract] Tesseract is not installed or not on PATH. OCR cannot run.
[08:59:54] [WARNING ] [core.namer] OCR could not determine a name. Using filename 'COLLINS OGUNYEMI'.
[08:59:54] [INFO    ] [core.namer] Final filename: COLLINS OGUNYEMI
[08:59:54] [INFO    ] [core.exporter] Exporting 'COLLINS OGUNYEMI.pdf'.
[08:59:54] [WARNING ] [core.exporter] No personnel photo to export.
[08:59:54] [INFO    ] [core.exporter] Saved COLLINS OGUNYEMI.png
[08:59:54] [INFO    ] [core.pipeline] Finished processing 'COLLINS OGUNYEMI.pdf'.
[08:59:54] [INFO    ] [core.processor] Processing completed.
[08:59:54] [INFO    ] [utils.threads] Background processing thread finished.
[08:59:54] [INFO    ] [gui.main_window] Batch processing finished.
[09:01:01] [INFO    ] [app] Application closing.
[12:38:53] [INFO    ] [__main__] Launching OES ID Card PDF to Req Doc Extractor.
[12:38:53] [INFO    ] [gui.main_window] Application started.
[12:39:04] [INFO    ] [gui.main_window] Added 1 file(s) via file dialog.
[12:39:05] [WARNING ] [vision.yolo_model] YOLO model not found at 'models\yolo.pt'. Photo detection will fall back to the contour-based heuristic until a trained yolo.pt is placed in the models folder.
[12:39:05] [WARNING ] [core.remover] Background removal model not found at 'models\u2net.onnx'. Background removal will be SKIPPED (cropped images will be exported as-is) until 'u2net.onnx' is placed in the models folder. See README for the download link.
[12:39:05] [WARNING ] [ocr.tesseract] Tesseract binary not found on PATH. Set 'tesseract_cmd' in settings.json to point at tesseract.exe for fully offline OCR.
[12:39:05] [INFO    ] [utils.threads] Background processing thread started (1 document(s)).
[12:39:05] [INFO    ] [gui.main_window] Started processing 1 document(s).
[12:39:05] [INFO    ] [core.processor] Starting processing of 1 document(s).
[12:39:05] [INFO    ] [core.processor] Processing (1/1): COLLINS OGUNYEMI.pdf
[12:39:05] [INFO    ] [core.analyzer] Analyzing COLLINS OGUNYEMI.pdf
[12:39:05] [INFO    ] [core.analyzer] PDF (COLLINS OGUNYEMI.pdf) | pages=1 | scanned=True
[12:39:05] [INFO    ] [core.pipeline] Running processing pipeline for 'COLLINS OGUNYEMI.pdf'.
[12:39:05] [INFO    ] [core.detector] Detecting objects in 'COLLINS OGUNYEMI.pdf'.
[12:39:05] [INFO    ] [pdf.reader] Opened PDF 'COLLINS OGUNYEMI.pdf' (1 page(s)).
[12:39:05] [INFO    ] [pdf.renderer] Rendered 1 page(s) from 'COLLINS OGUNYEMI.pdf'.
[12:39:05] [INFO    ] [pdf.reader] Closed PDF document.
[12:39:05] [INFO    ] [vision.photo_detector] Detecting personnel photo.
[12:39:05] [WARNING ] [vision.photo_detector] No YOLO photo detection available; trying contour-based fallback.
[12:39:05] [INFO    ] [vision.photo_detector] Personnel photo detected via contour fallback.
[12:39:05] [INFO    ] [vision.signature_detector] Detecting signature.
[12:39:05] [INFO    ] [vision.signature_detector] Signature detected at (1160, 1310, 260, 126).
[12:39:05] [INFO    ] [core.detector] Detection complete for 'COLLINS OGUNYEMI.pdf'.
[12:39:05] [INFO    ] [core.cropper] Cropping 'COLLINS OGUNYEMI.pdf'.
[12:39:05] [INFO    ] [core.remover] Removing backgrounds from 'COLLINS OGUNYEMI.pdf'.
[12:39:05] [INFO    ] [core.enhancer] Enhancing 'COLLINS OGUNYEMI.pdf'.
[12:39:06] [INFO    ] [core.namer] Extracting personnel name from 'COLLINS OGUNYEMI.pdf'.
[12:39:06] [ERROR   ] [ocr.tesseract] Tesseract is not installed or not on PATH. OCR cannot run.
[12:39:06] [WARNING ] [core.namer] OCR could not determine a name. Using filename 'COLLINS OGUNYEMI'.
[12:39:06] [INFO    ] [core.namer] Final filename: COLLINS OGUNYEMI
[12:39:06] [INFO    ] [core.exporter] Exporting 'COLLINS OGUNYEMI.pdf'.
[12:39:06] [INFO    ] [core.exporter] Saved COLLINS OGUNYEMI.png
[12:39:06] [INFO    ] [core.exporter] Saved COLLINS OGUNYEMI.png
[12:39:06] [INFO    ] [core.pipeline] Finished processing 'COLLINS OGUNYEMI.pdf'.
[12:39:06] [INFO    ] [core.processor] Processing completed.
[12:39:06] [INFO    ] [utils.threads] Background processing thread finished.
[12:39:06] [INFO    ] [gui.main_window] Batch processing finished.
[12:47:25] [INFO    ] [app] Application closing.
[12:53:23] [INFO    ] [__main__] Launching OES ID Card PDF to Req Doc Extractor.
[12:53:23] [INFO    ] [gui.main_window] Application started.
[12:54:12] [INFO    ] [gui.main_window] Added 1 file(s) via file dialog.
[12:54:12] [WARNING ] [vision.yolo_model] YOLO model not found at 'models\yolo.pt'. Photo detection will fall back to the contour-based heuristic until a trained yolo.pt is placed in the models folder.
[12:55:16] [INFO    ] [core.remover] Loading background removal model...
[12:55:17] [INFO    ] [core.remover] Background removal model loaded.
[12:55:17] [WARNING ] [ocr.tesseract] Tesseract binary not found on PATH. Set 'tesseract_cmd' in settings.json to point at tesseract.exe for fully offline OCR.
[12:55:17] [INFO    ] [utils.threads] Background processing thread started (1 document(s)).
[12:55:17] [INFO    ] [gui.main_window] Started processing 1 document(s).
[12:55:17] [INFO    ] [core.processor] Starting processing of 1 document(s).
[12:55:17] [INFO    ] [core.processor] Processing (1/1): COLLINS OGUNYEMI.pdf
[12:55:17] [INFO    ] [core.analyzer] Analyzing COLLINS OGUNYEMI.pdf
[12:55:17] [INFO    ] [core.analyzer] PDF (COLLINS OGUNYEMI.pdf) | pages=1 | scanned=True
[12:55:17] [INFO    ] [core.pipeline] Running processing pipeline for 'COLLINS OGUNYEMI.pdf'.
[12:55:17] [INFO    ] [core.detector] Detecting objects in 'COLLINS OGUNYEMI.pdf'.
[12:55:17] [INFO    ] [pdf.reader] Opened PDF 'COLLINS OGUNYEMI.pdf' (1 page(s)).
[12:55:17] [INFO    ] [pdf.renderer] Rendered 1 page(s) from 'COLLINS OGUNYEMI.pdf'.
[12:55:17] [INFO    ] [pdf.reader] Closed PDF document.
[12:55:17] [INFO    ] [vision.photo_detector] Detecting personnel photo.
[12:55:17] [WARNING ] [vision.photo_detector] No YOLO photo detection available; trying contour-based fallback.
[12:55:17] [INFO    ] [vision.photo_detector] Personnel photo detected via contour fallback.
[12:55:17] [INFO    ] [vision.signature_detector] Detecting signature.
[12:55:17] [INFO    ] [vision.signature_detector] Signature detected at (1160, 1310, 260, 126).
[12:55:17] [INFO    ] [core.detector] Detection complete for 'COLLINS OGUNYEMI.pdf'.
[12:55:17] [INFO    ] [core.cropper] Cropping 'COLLINS OGUNYEMI.pdf'.
[12:55:17] [INFO    ] [core.remover] Removing backgrounds from 'COLLINS OGUNYEMI.pdf'.
[12:55:20] [INFO    ] [core.enhancer] Enhancing 'COLLINS OGUNYEMI.pdf'.
[12:55:23] [INFO    ] [core.namer] Extracting personnel name from 'COLLINS OGUNYEMI.pdf'.
[12:55:23] [ERROR   ] [ocr.tesseract] Tesseract is not installed or not on PATH. OCR cannot run.
[12:55:23] [WARNING ] [core.namer] OCR could not determine a name. Using filename 'COLLINS OGUNYEMI'.
[12:55:23] [INFO    ] [core.namer] Final filename: COLLINS OGUNYEMI
[12:55:23] [INFO    ] [core.exporter] Exporting 'COLLINS OGUNYEMI.pdf'.
[12:55:23] [INFO    ] [core.exporter] Saved COLLINS OGUNYEMI_2.png
[12:55:23] [INFO    ] [core.exporter] Saved COLLINS OGUNYEMI_2.png
[12:55:23] [INFO    ] [core.pipeline] Finished processing 'COLLINS OGUNYEMI.pdf'.
[12:55:23] [INFO    ] [core.processor] Processing completed.
[12:55:23] [INFO    ] [utils.threads] Background processing thread finished.
[12:55:23] [INFO    ] [gui.main_window] Batch processing finished.
[13:01:56] [INFO    ] [app] Application closing.
[13:02:08] [INFO    ] [__main__] Launching OES ID Card PDF to Req Doc Extractor.
[13:02:08] [INFO    ] [gui.main_window] Application started.
[13:02:14] [INFO    ] [gui.main_window] Added 1 file(s) via file dialog.
[13:02:15] [WARNING ] [vision.yolo_model] YOLO model not found at 'models\yolo.pt'. Photo detection will fall back to the contour-based heuristic until a trained yolo.pt is placed in the models folder.
[13:02:18] [INFO    ] [core.remover] Loading background removal model...
[13:02:19] [INFO    ] [core.remover] Background removal model loaded.
[13:02:19] [WARNING ] [ocr.tesseract] Tesseract binary not found on PATH. Set 'tesseract_cmd' in settings.json to point at tesseract.exe for fully offline OCR.
[13:02:19] [INFO    ] [utils.threads] Background processing thread started (1 document(s)).
[13:02:19] [INFO    ] [gui.main_window] Started processing 1 document(s).
[13:02:19] [INFO    ] [core.processor] Starting processing of 1 document(s).
[13:02:19] [INFO    ] [core.processor] Processing (1/1): COLLINS OGUNYEMI.pdf
[13:02:19] [INFO    ] [core.analyzer] Analyzing COLLINS OGUNYEMI.pdf
[13:02:19] [INFO    ] [core.analyzer] PDF (COLLINS OGUNYEMI.pdf) | pages=1 | scanned=True
[13:02:19] [INFO    ] [core.pipeline] Running processing pipeline for 'COLLINS OGUNYEMI.pdf'.
[13:02:19] [INFO    ] [core.detector] Detecting objects in 'COLLINS OGUNYEMI.pdf'.
[13:02:19] [INFO    ] [pdf.reader] Opened PDF 'COLLINS OGUNYEMI.pdf' (1 page(s)).
[13:02:19] [INFO    ] [pdf.renderer] Rendered 1 page(s) from 'COLLINS OGUNYEMI.pdf'.
[13:02:19] [INFO    ] [pdf.reader] Closed PDF document.
[13:02:19] [INFO    ] [vision.photo_detector] Detecting personnel photo.
[13:02:19] [WARNING ] [vision.photo_detector] No YOLO photo detection available; trying contour-based fallback.
[13:02:19] [INFO    ] [vision.photo_detector] Personnel photo detected via contour fallback.
[13:02:19] [INFO    ] [vision.signature_detector] Detecting signature.
[13:02:20] [INFO    ] [vision.signature_detector] Signature detected at (1160, 1310, 260, 126).
[13:02:20] [INFO    ] [core.detector] Detection complete for 'COLLINS OGUNYEMI.pdf'.
[13:02:20] [INFO    ] [core.cropper] Cropping 'COLLINS OGUNYEMI.pdf'.
[13:02:20] [INFO    ] [core.remover] Removing backgrounds from 'COLLINS OGUNYEMI.pdf'.
[13:02:22] [INFO    ] [core.enhancer] Enhancing 'COLLINS OGUNYEMI.pdf'.
[13:02:25] [INFO    ] [core.namer] Extracting personnel name from 'COLLINS OGUNYEMI.pdf'.
[13:02:25] [ERROR   ] [ocr.tesseract] Tesseract is not installed or not on PATH. OCR cannot run.
[13:02:25] [WARNING ] [core.namer] OCR could not determine a name. Using filename 'COLLINS OGUNYEMI'.
[13:02:25] [INFO    ] [core.namer] Final filename: COLLINS OGUNYEMI
[13:02:25] [INFO    ] [core.exporter] Exporting 'COLLINS OGUNYEMI.pdf'.
[13:02:25] [INFO    ] [core.exporter] Saved COLLINS OGUNYEMI_3.png
[13:02:25] [INFO    ] [core.exporter] Saved COLLINS OGUNYEMI_3.png
[13:02:25] [INFO    ] [core.pipeline] Finished processing 'COLLINS OGUNYEMI.pdf'.
[13:02:25] [INFO    ] [core.processor] Processing completed.
[13:02:25] [INFO    ] [utils.threads] Background processing thread finished.
[13:02:25] [INFO    ] [gui.main_window] Batch processing finished.
[13:05:51] [INFO    ] [app] Application closing.
[13:35:38] [INFO    ] [__main__] Launching OES ID Card PDF to Req Doc Extractor.
[13:35:38] [INFO    ] [gui.main_window] Application started.
[13:37:38] [INFO    ] [gui.main_window] Added 1 file(s) via file dialog.
[13:37:45] [WARNING ] [vision.yolo_model] YOLO model not found at 'models\yolo.pt'. Photo detection will fall back to the contour-based heuristic until a trained yolo.pt is placed in the models folder.
[13:37:48] [INFO    ] [core.remover] Loading background removal model...
[13:37:49] [INFO    ] [core.remover] Background removal model loaded.
[13:37:49] [WARNING ] [ocr.tesseract] Tesseract binary not found on PATH. Set 'tesseract_cmd' in settings.json to point at tesseract.exe for fully offline OCR.
[13:37:49] [INFO    ] [utils.threads] Background processing thread started (1 document(s)).
[13:37:49] [INFO    ] [gui.main_window] Started processing 1 document(s).
[13:37:49] [INFO    ] [core.processor] Starting processing of 1 document(s).
[13:37:49] [INFO    ] [core.processor] Processing (1/1): COLLINS OGUNYEMI.pdf
[13:37:49] [INFO    ] [core.analyzer] Analyzing COLLINS OGUNYEMI.pdf
[13:37:49] [INFO    ] [core.analyzer] PDF (COLLINS OGUNYEMI.pdf) | pages=1 | scanned=True
[13:37:49] [INFO    ] [core.pipeline] Running processing pipeline for 'COLLINS OGUNYEMI.pdf'.
[13:37:49] [INFO    ] [core.detector] Detecting objects in 'COLLINS OGUNYEMI.pdf'.
[13:37:49] [INFO    ] [pdf.reader] Opened PDF 'COLLINS OGUNYEMI.pdf' (1 page(s)).
[13:37:50] [INFO    ] [pdf.renderer] Rendered 1 page(s) from 'COLLINS OGUNYEMI.pdf'.
[13:37:50] [INFO    ] [pdf.reader] Closed PDF document.
[13:37:50] [INFO    ] [vision.photo_detector] Detecting personnel photo.
[13:37:50] [WARNING ] [vision.photo_detector] No YOLO photo detection available; trying contour-based fallback.
[13:37:50] [INFO    ] [vision.photo_detector] Personnel photo detected via contour fallback.
[13:37:50] [INFO    ] [vision.signature_detector] Detecting signature.
[13:37:50] [INFO    ] [vision.signature_detector] Signature detected at (1160, 1310, 260, 126).
[13:37:50] [INFO    ] [core.detector] Detection complete for 'COLLINS OGUNYEMI.pdf'.
[13:37:50] [INFO    ] [core.cropper] Cropping 'COLLINS OGUNYEMI.pdf'.
[13:37:50] [INFO    ] [core.remover] Removing backgrounds from 'COLLINS OGUNYEMI.pdf'.
[13:37:54] [INFO    ] [core.enhancer] Enhancing 'COLLINS OGUNYEMI.pdf'.
[13:37:58] [INFO    ] [core.namer] Extracting personnel name from 'COLLINS OGUNYEMI.pdf'.
[13:37:58] [ERROR   ] [ocr.tesseract] Tesseract is not installed or not on PATH. OCR cannot run.
[13:37:58] [WARNING ] [core.namer] OCR could not determine a name. Using filename 'COLLINS OGUNYEMI'.
[13:37:58] [INFO    ] [core.namer] Final filename: COLLINS OGUNYEMI
[13:37:58] [INFO    ] [core.exporter] Exporting 'COLLINS OGUNYEMI.pdf'.
[13:37:58] [INFO    ] [core.exporter] Saved COLLINS OGUNYEMI_4.png
[13:37:58] [INFO    ] [core.exporter] Saved COLLINS OGUNYEMI_4.png
[13:37:58] [INFO    ] [core.pipeline] Finished processing 'COLLINS OGUNYEMI.pdf'.
[13:37:58] [INFO    ] [core.processor] Processing completed.
[13:37:58] [INFO    ] [utils.threads] Background processing thread finished.
[13:37:58] [INFO    ] [gui.main_window] Batch processing finished.
[13:39:28] [INFO    ] [app] Application closing.
